# JRE version: OpenJDK Runtime Environment GraalVM CE 22.3.0 (17.0.5+8) (build 17.0.5+8-jvmci-22.3-b08)
# Java VM: OpenJDK 64-Bit Server VM GraalVM CE 22.3.0 (17.0.5+8-jvmci-22.3-b08, mixed mode, sharing, tiered, jvmci, jvmci compiler, compressed oops, compressed class ptrs, parallel gc, linux-amd64)
GC Precious Log:
 CPUs: 8 total, 1 available
 Memory: 1024M
 Large Page Support: Disabled
 NUMA Support: Disabled
 Compressed Oops: Enabled (32-bit)
 Alignments: Space 512K, Generation 512K, Heap 2M
 Heap Min Capacity: 100M
 Heap Initial Capacity: 100M
 Heap Max Capacity: 512M
 Pre-touch: Disabled
 Parallel Workers: 1
Heap:
 PSYoungGen      total 49152K, used 35327K [0x00000000f5580000, 0x00000000f9380000, 0x0000000100000000)
  eden space 35328K, 99% used [0x00000000f5580000,0x00000000f77ffff8,0x00000000f7800000)
  from space 13824K, 0% used [0x00000000f8580000,0x00000000f8580000,0x00000000f9300000)
  to   space 512K, 0% used [0x00000000f7a00000,0x00000000f7a00000,0x00000000f7a80000)
 ParOldGen       total 349696K, used 349696K [0x00000000e0000000, 0x00000000f5580000, 0x00000000f5580000)
  object space 349696K, 100% used [0x00000000e0000000,0x00000000f5580000,0x00000000f5580000)
 Metaspace       used 59515K, committed 60672K, reserved 1105920K
  class space    used 5925K, committed 6400K, reserved 1048576K
GC Heap History (20 events):
Event: 518.199 GC heap before
{Heap before GC invocations=645 (full 483):
 PSYoungGen      total 49152K, used 35327K [0x00000000f5580000, 0x00000000f9380000, 0x0000000100000000)
  eden space 35328K, 99% used [0x00000000f5580000,0x00000000f77ffff8,0x00000000f7800000)
  from space 13824K, 0% used [0x00000000f8580000,0x00000000f8580000,0x00000000f9300000)
  to   space 512K, 0% used [0x00000000f7a00000,0x00000000f7a00000,0x00000000f7a80000)
 ParOldGen       total 349696K, used 349695K [0x00000000e0000000, 0x00000000f5580000, 0x00000000f5580000)
  object space 349696K, 99% used [0x00000000e0000000,0x00000000f557fe60,0x00000000f5580000)
 Metaspace       used 59515K, committed 60672K, reserved 1105920K
  class space    used 5925K, committed 6400K, reserved 1048576K
}
Event: 519.095 GC heap after
{Heap after GC invocations=645 (full 483):
 PSYoungGen      total 35840K, used 35327K [0x00000000f5580000, 0x00000000f9380000, 0x0000000100000000)
  eden space 35328K, 99% used [0x00000000f5580000,0x00000000f77fffc8,0x00000000f7800000)
  from space 512K, 0% used [0x00000000f7a00000,0x00000000f7a00000,0x00000000f7a80000)
  to   space 13824K, 0% used [0x00000000f8580000,0x00000000f8580000,0x00000000f9300000)
 ParOldGen       total 349696K, used 349695K [0x00000000e0000000, 0x00000000f5580000, 0x00000000f5580000)
  object space 349696K, 99% used [0x00000000e0000000,0x00000000f557fe60,0x00000000f5580000)
 Metaspace       used 59515K, committed 60672K, reserved 1105920K
  class space    used 5925K, committed 6400K, reserved 1048576K
}
Event: 519.095 GC heap before
{Heap before GC invocations=646 (full 484):
 PSYoungGen      total 35840K, used 35327K [0x00000000f5580000, 0x00000000f9380000, 0x0000000100000000)
  eden space 35328K, 99% used [0x00000000f5580000,0x00000000f77ffff8,0x00000000f7800000)
  from space 512K, 0% used [0x00000000f7a00000,0x00000000f7a00000,0x00000000f7a80000)
  to   space 13824K, 0% used [0x00000000f8580000,0x00000000f8580000,0x00000000f9300000)
 ParOldGen       total 349696K, used 349695K [0x00000000e0000000, 0x00000000f5580000, 0x00000000f5580000)
  object space 349696K, 99% used [0x00000000e0000000,0x00000000f557fe60,0x00000000f5580000)
 Metaspace       used 59515K, committed 60672K, reserved 1105920K
  class space    used 5925K, committed 6400K, reserved 1048576K
}
Event: 520.193 GC heap after
{Heap after GC invocations=646 (full 484):
 PSYoungGen      total 49152K, used 35327K [0x00000000f5580000, 0x00000000f9380000, 0x0000000100000000)
  eden space 35328K, 99% used [0x00000000f5580000,0x00000000f77fffc8,0x00000000f7800000)
  from space 13824K, 0% used [0x00000000f8580000,0x00000000f8580000,0x00000000f9300000)
  to   space 512K, 0% used [0x00000000f7a00000,0x00000000f7a00000,0x00000000f7a80000)
 ParOldGen       total 349696K, used 349695K [0x00000000e0000000, 0x00000000f5580000, 0x00000000f5580000)
  object space 349696K, 99% used [0x00000000e0000000,0x00000000f557fe60,0x00000000f5580000)
 Metaspace       used 59515K, committed 60672K, reserved 1105920K
  class space    used 5925K, committed 6400K, reserved 1048576K
}
Event: 520.194 GC heap before
{Heap before GC invocations=647 (full 485):
 PSYoungGen      total 49152K, used 35327K [0x00000000f5580000, 0x00000000f9380000, 0x0000000100000000)
  eden space 35328K, 99% used [0x00000000f5580000,0x00000000f77ffff8,0x00000000f7800000)
  from space 13824K, 0% used [0x00000000f8580000,0x00000000f8580000,0x00000000f9300000)
  to   space 512K, 0% used [0x00000000f7a00000,0x00000000f7a00000,0x00000000f7a80000)
 ParOldGen       total 349696K, used 349695K [0x00000000e0000000, 0x00000000f5580000, 0x00000000f5580000)
  object space 349696K, 99% used [0x00000000e0000000,0x00000000f557fe60,0x00000000f5580000)
 Metaspace       used 59515K, committed 60672K, reserved 1105920K
  class space    used 5925K, committed 6400K, reserved 1048576K
}
Event: 521.356 GC heap after
{Heap after GC invocations=647 (full 485):
 PSYoungGen      total 35840K, used 35327K [0x00000000f5580000, 0x00000000f9380000, 0x0000000100000000)
  eden space 35328K, 99% used [0x00000000f5580000,0x00000000f77ffff8,0x00000000f7800000)
  from space 512K, 0% used [0x00000000f7a00000,0x00000000f7a00000,0x00000000f7a80000)
  to   space 13824K, 0% used [0x00000000f8580000,0x00000000f8580000,0x00000000f9300000)
 ParOldGen       total 349696K, used 349695K [0x00000000e0000000, 0x00000000f5580000, 0x00000000f5580000)
  object space 349696K, 99% used [0x00000000e0000000,0x00000000f557fe48,0x00000000f5580000)
 Metaspace       used 59515K, committed 60672K, reserved 1105920K
  class space    used 5925K, committed 6400K, reserved 1048576K
}
Event: 521.356 GC heap before
{Heap before GC invocations=648 (full 486):
 PSYoungGen      total 35840K, used 35327K [0x00000000f5580000, 0x00000000f9380000, 0x0000000100000000)
  eden space 35328K, 99% used [0x00000000f5580000,0x00000000f77ffff8,0x00000000f7800000)
  from space 512K, 0% used [0x00000000f7a00000,0x00000000f7a00000,0x00000000f7a80000)
  to   space 13824K, 0% used [0x00000000f8580000,0x00000000f8580000,0x00000000f9300000)
 ParOldGen       total 349696K, used 349695K [0x00000000e0000000, 0x00000000f5580000, 0x00000000f5580000)
  object space 349696K, 99% used [0x00000000e0000000,0x00000000f557ffe0,0x00000000f5580000)
 Metaspace       used 59515K, committed 60672K, reserved 1105920K
  class space    used 5925K, committed 6400K, reserved 1048576K
}
Event: 522.455 GC heap after
{Heap after GC invocations=648 (full 486):
 PSYoungGen      total 49152K, used 35327K [0x00000000f5580000, 0x00000000f9380000, 0x0000000100000000)
  eden space 35328K, 99% used [0x00000000f5580000,0x00000000f77fff98,0x00000000f7800000)
  from space 13824K, 0% used [0x00000000f8580000,0x00000000f8580000,0x00000000f9300000)
  to   space 512K, 0% used [0x00000000f7a00000,0x00000000f7a00000,0x00000000f7a80000)
 ParOldGen       total 349696K, used 349695K [0x00000000e0000000, 0x00000000f5580000, 0x00000000f5580000)
  object space 349696K, 99% used [0x00000000e0000000,0x00000000f557ffb8,0x00000000f5580000)
 Metaspace       used 59515K, committed 60672K, reserved 1105920K
  class space    used 5925K, committed 6400K, reserved 1048576K
}
Event: 522.455 GC heap before
{Heap before GC invocations=649 (full 487):
 PSYoungGen      total 49152K, used 35327K [0x00000000f5580000, 0x00000000f9380000, 0x0000000100000000)
  eden space 35328K, 99% used [0x00000000f5580000,0x00000000f77ffff8,0x00000000f7800000)
  from space 13824K, 0% used [0x00000000f8580000,0x00000000f8580000,0x00000000f9300000)
  to   space 512K, 0% used [0x00000000f7a00000,0x00000000f7a00000,0x00000000f7a80000)
 ParOldGen       total 349696K, used 349695K [0x00000000e0000000, 0x00000000f5580000, 0x00000000f5580000)
  object space 349696K, 99% used [0x00000000e0000000,0x00000000f557ffb8,0x00000000f5580000)
 Metaspace       used 59515K, committed 60672K, reserved 1105920K
  class space    used 5925K, committed 6400K, reserved 1048576K
}
Event: 523.369 GC heap after
{Heap after GC invocations=649 (full 487):
 PSYoungGen      total 35840K, used 35327K [0x00000000f5580000, 0x00000000f9380000, 0x0000000100000000)
  eden space 35328K, 99% used [0x00000000f5580000,0x00000000f77fffb0,0x00000000f7800000)
  from space 512K, 0% used [0x00000000f7a00000,0x00000000f7a00000,0x00000000f7a80000)
  to   space 13824K, 0% used [0x00000000f8580000,0x00000000f8580000,0x00000000f9300000)
 ParOldGen       total 349696K, used 349695K [0x00000000e0000000, 0x00000000f5580000, 0x00000000f5580000)
  object space 349696K, 99% used [0x00000000e0000000,0x00000000f557ffb8,0x00000000f5580000)
 Metaspace       used 59515K, committed 60672K, reserved 1105920K
  class space    used 5925K, committed 6400K, reserved 1048576K
}
Event: 523.369 GC heap before
{Heap before GC invocations=650 (full 488):
 PSYoungGen      total 35840K, used 35327K [0x00000000f5580000, 0x00000000f9380000, 0x0000000100000000)
  eden space 35328K, 99% used [0x00000000f5580000,0x00000000f77ffff8,0x00000000f7800000)
  from space 512K, 0% used [0x00000000f7a00000,0x00000000f7a00000,0x00000000f7a80000)
  to   space 13824K, 0% used [0x00000000f8580000,0x00000000f8580000,0x00000000f9300000)
 ParOldGen       total 349696K, used 349695K [0x00000000e0000000, 0x00000000f5580000, 0x00000000f5580000)
  object space 349696K, 99% used [0x00000000e0000000,0x00000000f557ffb8,0x00000000f5580000)
 Metaspace       used 59515K, committed 60672K, reserved 1105920K
  class space    used 5925K, committed 6400K, reserved 1048576K
}
Event: 524.364 GC heap after
{Heap after GC invocations=650 (full 488):
 PSYoungGen      total 49152K, used 35327K [0x00000000f5580000, 0x00000000f9380000, 0x0000000100000000)
  eden space 35328K, 99% used [0x00000000f5580000,0x00000000f77fffc8,0x00000000f7800000)
  from space 13824K, 0% used [0x00000000f8580000,0x00000000f8580000,0x00000000f9300000)
  to   space 512K, 0% used [0x00000000f7a00000,0x00000000f7a00000,0x00000000f7a80000)
 ParOldGen       total 349696K, used 349695K [0x00000000e0000000, 0x00000000f5580000, 0x00000000f5580000)
  object space 349696K, 99% used [0x00000000e0000000,0x00000000f557ffb8,0x00000000f5580000)
 Metaspace       used 59515K, committed 60672K, reserved 1105920K
  class space    used 5925K, committed 6400K, reserved 1048576K
}
Event: 524.364 GC heap before
{Heap before GC invocations=651 (full 489):
 PSYoungGen      total 49152K, used 35327K [0x00000000f5580000, 0x00000000f9380000, 0x0000000100000000)
  eden space 35328K, 99% used [0x00000000f5580000,0x00000000f77ffff8,0x00000000f7800000)
  from space 13824K, 0% used [0x00000000f8580000,0x00000000f8580000,0x00000000f9300000)
  to   space 512K, 0% used [0x00000000f7a00000,0x00000000f7a00000,0x00000000f7a80000)
 ParOldGen       total 349696K, used 349695K [0x00000000e0000000, 0x00000000f5580000, 0x00000000f5580000)
  object space 349696K, 99% used [0x00000000e0000000,0x00000000f557ffb8,0x00000000f5580000)
 Metaspace       used 59515K, committed 60672K, reserved 1105920K
  class space    used 5925K, committed 6400K, reserved 1048576K
}
Event: 525.368 GC heap after
{Heap after GC invocations=651 (full 489):
 PSYoungGen      total 35840K, used 35327K [0x00000000f5580000, 0x00000000f9380000, 0x0000000100000000)
  eden space 35328K, 99% used [0x00000000f5580000,0x00000000f77ffff8,0x00000000f7800000)
  from space 512K, 0% used [0x00000000f7a00000,0x00000000f7a00000,0x00000000f7a80000)
  to   space 13824K, 0% used [0x00000000f8580000,0x00000000f8580000,0x00000000f9300000)
 ParOldGen       total 349696K, used 349695K [0x00000000e0000000, 0x00000000f5580000, 0x00000000f5580000)
  object space 349696K, 99% used [0x00000000e0000000,0x00000000f557ffa0,0x00000000f5580000)
 Metaspace       used 59515K, committed 60672K, reserved 1105920K
  class space    used 5925K, committed 6400K, reserved 1048576K
}
Event: 525.368 GC heap before
{Heap before GC invocations=652 (full 490):
 PSYoungGen      total 35840K, used 35327K [0x00000000f5580000, 0x00000000f9380000, 0x0000000100000000)
  eden space 35328K, 99% used [0x00000000f5580000,0x00000000f77ffff8,0x00000000f7800000)
  from space 512K, 0% used [0x00000000f7a00000,0x00000000f7a00000,0x00000000f7a80000)
  to   space 13824K, 0% used [0x00000000f8580000,0x00000000f8580000,0x00000000f9300000)
 ParOldGen       total 349696K, used 349696K [0x00000000e0000000, 0x00000000f5580000, 0x00000000f5580000)
  object space 349696K, 100% used [0x00000000e0000000,0x00000000f5580000,0x00000000f5580000)
 Metaspace       used 59515K, committed 60672K, reserved 1105920K
  class space    used 5925K, committed 6400K, reserved 1048576K
}
Event: 526.374 GC heap after
{Heap after GC invocations=652 (full 490):
 PSYoungGen      total 49152K, used 35327K [0x00000000f5580000, 0x00000000f9380000, 0x0000000100000000)
  eden space 35328K, 99% used [0x00000000f5580000,0x00000000f77fffe0,0x00000000f7800000)
  from space 13824K, 0% used [0x00000000f8580000,0x00000000f8580000,0x00000000f9300000)
  to   space 512K, 0% used [0x00000000f7a00000,0x00000000f7a00000,0x00000000f7a80000)
 ParOldGen       total 349696K, used 349696K [0x00000000e0000000, 0x00000000f5580000, 0x00000000f5580000)
  object space 349696K, 100% used [0x00000000e0000000,0x00000000f5580000,0x00000000f5580000)
 Metaspace       used 59515K, committed 60672K, reserved 1105920K
  class space    used 5925K, committed 6400K, reserved 1048576K
}
Event: 526.374 GC heap before
{Heap before GC invocations=653 (full 491):
 PSYoungGen      total 49152K, used 35327K [0x00000000f5580000, 0x00000000f9380000, 0x0000000100000000)
  eden space 35328K, 99% used [0x00000000f5580000,0x00000000f77ffff8,0x00000000f7800000)
  from space 13824K, 0% used [0x00000000f8580000,0x00000000f8580000,0x00000000f9300000)
  to   space 512K, 0% used [0x00000000f7a00000,0x00000000f7a00000,0x00000000f7a80000)
 ParOldGen       total 349696K, used 349696K [0x00000000e0000000, 0x00000000f5580000, 0x00000000f5580000)
  object space 349696K, 100% used [0x00000000e0000000,0x00000000f5580000,0x00000000f5580000)
 Metaspace       used 59515K, committed 60672K, reserved 1105920K
  class space    used 5925K, committed 6400K, reserved 1048576K
}
Event: 527.354 GC heap after
{Heap after GC invocations=653 (full 491):
 PSYoungGen      total 35840K, used 35327K [0x00000000f5580000, 0x00000000f9380000, 0x0000000100000000)
  eden space 35328K, 99% used [0x00000000f5580000,0x00000000f77ffff8,0x00000000f7800000)
  from space 512K, 0% used [0x00000000f7a00000,0x00000000f7a00000,0x00000000f7a80000)
  to   space 13824K, 0% used [0x00000000f8580000,0x00000000f8580000,0x00000000f9300000)
 ParOldGen       total 349696K, used 349696K [0x00000000e0000000, 0x00000000f5580000, 0x00000000f5580000)
  object space 349696K, 100% used [0x00000000e0000000,0x00000000f5580000,0x00000000f5580000)
 Metaspace       used 59515K, committed 60672K, reserved 1105920K
  class space    used 5925K, committed 6400K, reserved 1048576K
}
Event: 527.354 GC heap before
{Heap before GC invocations=654 (full 492):
 PSYoungGen      total 35840K, used 35327K [0x00000000f5580000, 0x00000000f9380000, 0x0000000100000000)
  eden space 35328K, 99% used [0x00000000f5580000,0x00000000f77ffff8,0x00000000f7800000)
  from space 512K, 0% used [0x00000000f7a00000,0x00000000f7a00000,0x00000000f7a80000)
  to   space 13824K, 0% used [0x00000000f8580000,0x00000000f8580000,0x00000000f9300000)
 ParOldGen       total 349696K, used 349696K [0x00000000e0000000, 0x00000000f5580000, 0x00000000f5580000)
  object space 349696K, 100% used [0x00000000e0000000,0x00000000f5580000,0x00000000f5580000)
 Metaspace       used 59515K, committed 60672K, reserved 1105920K
  class space    used 5925K, committed 6400K, reserved 1048576K
}
Event: 528.363 GC heap after
{Heap after GC invocations=654 (full 492):
 PSYoungGen      total 49152K, used 35327K [0x00000000f5580000, 0x00000000f9380000, 0x0000000100000000)
  eden space 35328K, 99% used [0x00000000f5580000,0x00000000f77ffff8,0x00000000f7800000)
  from space 13824K, 0% used [0x00000000f8580000,0x00000000f8580000,0x00000000f9300000)
  to   space 512K, 0% used [0x00000000f7a00000,0x00000000f7a00000,0x00000000f7a80000)
 ParOldGen       total 349696K, used 349696K [0x00000000e0000000, 0x00000000f5580000, 0x00000000f5580000)
  object space 349696K, 100% used [0x00000000e0000000,0x00000000f5580000,0x00000000f5580000)
 Metaspace       used 59515K, committed 60672K, reserved 1105920K
  class space    used 5925K, committed 6400K, reserved 1048576K
}

